  SNetwork.cpp
e:\00_project\study\schatserver1\snetwork.cpp(8): warning C4244: '=': 'time_t'에서 'uint32_t'(으)로 변환하면서 데이터가 손실될 수 있습니다.
e:\00_project\study\schatserver1\snetwork.cpp(117): warning C4553: '==': 식의 결과가 사용되지 않습니다. '='을(를) 의도했습니까?
e:\00_project\study\schatserver1\snetwork.cpp(149): warning C4553: '==': 식의 결과가 사용되지 않습니다. '='을(를) 의도했습니까?
e:\00_project\study\schatserver1\snetwork.cpp(175): error C2065: 'm_ListenSock': 선언되지 않은 식별자입니다.
e:\00_project\study\schatserver1\snetwork.cpp(176): error C2065: 'm_ListenSock': 선언되지 않은 식별자입니다.
e:\00_project\study\schatserver1\snetwork.cpp(184): error C2065: 'm_ListenSock': 선언되지 않은 식별자입니다.
e:\00_project\study\schatserver1\snetwork.cpp(188): warning C4476: 'printf' : 서식 지정자에 알 수 없는 형식 필드 문자 '\r'이(가) 있습니다.
e:\00_project\study\schatserver1\snetwork.cpp(188): warning C4474: 'printf' : 서식 문자열에 전달된 인수가 너무 많습니다.
  e:\00_project\study\schatserver1\snetwork.cpp(188): note: 자리 표시자 및 해당 매개 변수에는 variadic 인수가 0개 필요하지만 1개가 제공되었습니다.
e:\00_project\study\schatserver1\snetwork.cpp(191): error C2065: 'm_ListenSock': 선언되지 않은 식별자입니다.
e:\00_project\study\schatserver1\snetwork.cpp(192): error C2065: 'm_ListenSock': 선언되지 않은 식별자입니다.
e:\00_project\study\schatserver1\snetwork.cpp(194): error C2065: 'm_ListenSock': 선언되지 않은 식별자입니다.
e:\00_project\study\schatserver1\snetwork.cpp(199): error C2065: 'm_ListenSock': 선언되지 않은 식별자입니다.
e:\00_project\study\schatserver1\snetwork.cpp(212): error C2065: 'm_ListenSock': 선언되지 않은 식별자입니다.
e:\00_project\study\schatserver1\snetwork.cpp(223): error C2065: 'm_ListenSock': 선언되지 않은 식별자입니다.
e:\00_project\study\schatserver1\snetwork.cpp(225): error C2065: 'm_ListenSock': 선언되지 않은 식별자입니다.
e:\00_project\study\schatserver1\snetwork.cpp(232): error C2065: 'm_ListenSock': 선언되지 않은 식별자입니다.
e:\00_project\study\schatserver1\snetwork.cpp(238): error C2065: 'm_ListenSock': 선언되지 않은 식별자입니다.
e:\00_project\study\schatserver1\snetwork.cpp(267): warning C4129: 'm': 문자 이스케이프 시퀀스를 인식할 수 없습니다.
